# JRE version: Java(TM) SE Runtime Environment (12.0.2+10) (build 12.0.2+10)
# Java VM: Java HotSpot(TM) 64-Bit Server VM (12.0.2+10, mixed mode, sharing, tiered, compressed oops, g1 gc, windows-amd64)
Heap:
 garbage-first heap   total 281600K, used 126313K [0x00000000a0000000, 0x0000000100000000)
  region size 1024K, 25 young (25600K), 13 survivors (13312K)
 Metaspace       used 81997K, capacity 84035K, committed 84048K, reserved 1122304K
  class space    used 10366K, capacity 10999K, committed 11008K, reserved 1048576K
GC Heap History (10 events):
Event: 70.106 GC heap before
{Heap before GC invocations=59 (full 0):
 garbage-first heap   total 281600K, used 198347K [0x00000000a0000000, 0x0000000100000000)
  region size 1024K, 51 young (52224K), 2 survivors (2048K)
 Metaspace       used 80019K, capacity 81963K, committed 82128K, reserved 1120256K
  class space    used 10212K, capacity 10809K, committed 10880K, reserved 1048576K
}
Event: 70.110 GC heap after
{Heap after GC invocations=60 (full 0):
 garbage-first heap   total 281600K, used 150103K [0x00000000a0000000, 0x0000000100000000)
  region size 1024K, 4 young (4096K), 4 survivors (4096K)
 Metaspace       used 80019K, capacity 81963K, committed 82128K, reserved 1120256K
  class space    used 10212K, capacity 10809K, committed 10880K, reserved 1048576K
}
Event: 73.534 GC heap before
{Heap before GC invocations=61 (full 0):
 garbage-first heap   total 281600K, used 185943K [0x00000000a0000000, 0x0000000100000000)
  region size 1024K, 56 young (57344K), 4 survivors (4096K)
 Metaspace       used 80363K, capacity 82388K, committed 82640K, reserved 1122304K
  class space    used 10236K, capacity 10858K, committed 10880K, reserved 1048576K
}
Event: 73.543 GC heap after
{Heap after GC invocations=62 (full 0):
 garbage-first heap   total 281600K, used 133996K [0x00000000a0000000, 0x0000000100000000)
  region size 1024K, 4 young (4096K), 4 survivors (4096K)
 Metaspace       used 80363K, capacity 82388K, committed 82640K, reserved 1122304K
  class space    used 10236K, capacity 10858K, committed 10880K, reserved 1048576K
}
Event: 73.613 GC heap before
{Heap before GC invocations=62 (full 0):
 garbage-first heap   total 281600K, used 142188K [0x00000000a0000000, 0x0000000100000000)
  region size 1024K, 13 young (13312K), 4 survivors (4096K)
 Metaspace       used 80372K, capacity 82388K, committed 82640K, reserved 1122304K
  class space    used 10236K, capacity 10858K, committed 10880K, reserved 1048576K
}
Event: 73.619 GC heap after
{Heap after GC invocations=63 (full 0):
 garbage-first heap   total 281600K, used 106965K [0x00000000a0000000, 0x0000000100000000)
  region size 1024K, 1 young (1024K), 1 survivors (1024K)
 Metaspace       used 80372K, capacity 82388K, committed 82640K, reserved 1122304K
  class space    used 10236K, capacity 10858K, committed 10880K, reserved 1048576K
}
Event: 75.767 GC heap before
{Heap before GC invocations=63 (full 0):
 garbage-first heap   total 281600K, used 118229K [0x00000000a0000000, 0x0000000100000000)
  region size 1024K, 13 young (13312K), 1 survivors (1024K)
 Metaspace       used 80400K, capacity 82391K, committed 82640K, reserved 1122304K
  class space    used 10240K, capacity 10859K, committed 10880K, reserved 1048576K
}
Event: 75.774 GC heap after
{Heap after GC invocations=64 (full 0):
 garbage-first heap   total 281600K, used 101754K [0x00000000a0000000, 0x0000000100000000)
  region size 1024K, 1 young (1024K), 1 survivors (1024K)
 Metaspace       used 80400K, capacity 82391K, committed 82640K, reserved 1122304K
  class space    used 10240K, capacity 10859K, committed 10880K, reserved 1048576K
}
Event: 79.444 GC heap before
{Heap before GC invocations=64 (full 0):
 garbage-first heap   total 281600K, used 205178K [0x00000000a0000000, 0x0000000100000000)
  region size 1024K, 103 young (105472K), 1 survivors (1024K)
 Metaspace       used 81935K, capacity 83967K, committed 84048K, reserved 1122304K
  class space    used 10361K, capacity 10998K, committed 11008K, reserved 1048576K
}
Event: 79.454 GC heap after
{Heap after GC invocations=65 (full 0):
 garbage-first heap   total 281600K, used 115049K [0x00000000a0000000, 0x0000000100000000)
  region size 1024K, 13 young (13312K), 13 survivors (13312K)
 Metaspace       used 81935K, capacity 83967K, committed 84048K, reserved 1122304K
  class space    used 10361K, capacity 10998K, committed 11008K, reserved 1048576K
}

