# JRE version: Java(TM) SE Runtime Environment (12.0.2+10) (build 12.0.2+10)
# Java VM: Java HotSpot(TM) 64-Bit Server VM (12.0.2+10, mixed mode, sharing, tiered, compressed oops, g1 gc, windows-amd64)
Heap:
 garbage-first heap   total 194560K, used 93806K [0x00000000a0000000, 0x0000000100000000)
  region size 1024K, 8 young (8192K), 4 survivors (4096K)
 Metaspace       used 107536K, capacity 110702K, committed 111004K, reserved 1146880K
  class space    used 13025K, capacity 14012K, committed 14080K, reserved 1048576K
GC Heap History (10 events):
Event: 215.839 GC heap before
{Heap before GC invocations=152 (full 0):
 garbage-first heap   total 194560K, used 107098K [0x00000000a0000000, 0x0000000100000000)
  region size 1024K, 4 young (4096K), 1 survivors (1024K)
 Metaspace       used 105222K, capacity 107976K, committed 108060K, reserved 1144832K
  class space    used 12763K, capacity 13634K, committed 13696K, reserved 1048576K
}
Event: 215.841 GC heap after
{Heap after GC invocations=153 (full 0):
 garbage-first heap   total 194560K, used 105182K [0x00000000a0000000, 0x0000000100000000)
  region size 1024K, 1 young (1024K), 1 survivors (1024K)
 Metaspace       used 105222K, capacity 107976K, committed 108060K, reserved 1144832K
  class space    used 12763K, capacity 13634K, committed 13696K, reserved 1048576K
}
Event: 332.030 GC heap before
{Heap before GC invocations=154 (full 0):
 garbage-first heap   total 194560K, used 138974K [0x00000000a0000000, 0x0000000100000000)
  region size 1024K, 35 young (35840K), 1 survivors (1024K)
 Metaspace       used 106549K, capacity 109730K, committed 109852K, reserved 1144832K
  class space    used 12949K, capacity 13891K, committed 13952K, reserved 1048576K
}
Event: 332.034 GC heap after
{Heap after GC invocations=155 (full 0):
 garbage-first heap   total 194560K, used 105312K [0x00000000a0000000, 0x0000000100000000)
  region size 1024K, 3 young (3072K), 3 survivors (3072K)
 Metaspace       used 106549K, capacity 109730K, committed 109852K, reserved 1144832K
  class space    used 12949K, capacity 13891K, committed 13952K, reserved 1048576K
}
Event: 332.080 GC heap before
{Heap before GC invocations=155 (full 0):
 garbage-first heap   total 194560K, used 110432K [0x00000000a0000000, 0x0000000100000000)
  region size 1024K, 9 young (9216K), 3 survivors (3072K)
 Metaspace       used 106566K, capacity 109730K, committed 109852K, reserved 1144832K
  class space    used 12949K, capacity 13891K, committed 13952K, reserved 1048576K
}
Event: 332.085 GC heap after
{Heap after GC invocations=156 (full 0):
 garbage-first heap   total 194560K, used 88171K [0x00000000a0000000, 0x0000000100000000)
  region size 1024K, 1 young (1024K), 1 survivors (1024K)
 Metaspace       used 106566K, capacity 109730K, committed 109852K, reserved 1144832K
  class space    used 12949K, capacity 13891K, committed 13952K, reserved 1048576K
}
Event: 332.833 GC heap before
{Heap before GC invocations=156 (full 0):
 garbage-first heap   total 194560K, used 134251K [0x00000000a0000000, 0x0000000100000000)
  region size 1024K, 47 young (48128K), 1 survivors (1024K)
 Metaspace       used 107304K, capacity 110527K, committed 110748K, reserved 1146880K
  class space    used 13009K, capacity 13980K, committed 14080K, reserved 1048576K
}
Event: 332.839 GC heap after
{Heap after GC invocations=157 (full 0):
 garbage-first heap   total 194560K, used 89900K [0x00000000a0000000, 0x0000000100000000)
  region size 1024K, 3 young (3072K), 3 survivors (3072K)
 Metaspace       used 107304K, capacity 110527K, committed 110748K, reserved 1146880K
  class space    used 13009K, capacity 13980K, committed 14080K, reserved 1048576K
}
Event: 333.864 GC heap before
{Heap before GC invocations=158 (full 0):
 garbage-first heap   total 194560K, used 139052K [0x00000000a0000000, 0x0000000100000000)
  region size 1024K, 52 young (53248K), 3 survivors (3072K)
 Metaspace       used 107514K, capacity 110638K, committed 110748K, reserved 1146880K
  class space    used 13024K, capacity 14012K, committed 14080K, reserved 1048576K
}
Event: 333.868 GC heap after
{Heap after GC invocations=159 (full 0):
 garbage-first heap   total 194560K, used 91758K [0x00000000a0000000, 0x0000000100000000)
  region size 1024K, 4 young (4096K), 4 survivors (4096K)
 Metaspace       used 107514K, capacity 110638K, committed 110748K, reserved 1146880K
  class space    used 13024K, capacity 14012K, committed 14080K, reserved 1048576K
}

